ARM GAS  C:\cygwin64\tmp\ccxI68r5.s 			page 1


   1              		.cpu cortex-m3
   2              		.eabi_attribute 20, 1
   3              		.eabi_attribute 21, 1
   4              		.eabi_attribute 23, 3
   5              		.eabi_attribute 24, 1
   6              		.eabi_attribute 25, 1
   7              		.eabi_attribute 26, 1
   8              		.eabi_attribute 30, 1
   9              		.eabi_attribute 34, 1
  10              		.eabi_attribute 18, 4
  11              		.file	"stm32f10x_it.c"
  12              		.text
  13              	.Ltext0:
  14              		.cfi_sections	.debug_frame
  15              		.section	.text.NMI_Handler,"ax",%progbits
  16              		.align	1
  17              		.global	NMI_Handler
  18              		.arch armv7-m
  19              		.syntax unified
  20              		.thumb
  21              		.thumb_func
  22              		.fpu softvfp
  24              	NMI_Handler:
  25              	.LFB67:
  26              		.file 1 "Src/stm32f10x_it.c"
   1:Src/stm32f10x_it.c **** /**
   2:Src/stm32f10x_it.c ****   ******************************************************************************
   3:Src/stm32f10x_it.c ****   * @file    Project/STM32F10x_StdPeriph_Template/stm32f10x_it.c 
   4:Src/stm32f10x_it.c ****   * @author  MCD Application Team
   5:Src/stm32f10x_it.c ****   * @version V3.5.0
   6:Src/stm32f10x_it.c ****   * @date    08-April-2011
   7:Src/stm32f10x_it.c ****   * @brief   Main Interrupt Service Routines.
   8:Src/stm32f10x_it.c ****   *          This file provides template for all exceptions handler and 
   9:Src/stm32f10x_it.c ****   *          peripherals interrupt service routine.
  10:Src/stm32f10x_it.c ****   ******************************************************************************
  11:Src/stm32f10x_it.c ****   * @attention
  12:Src/stm32f10x_it.c ****   *
  13:Src/stm32f10x_it.c ****   * THE PRESENT FIRMWARE WHICH IS FOR GUIDANCE ONLY AIMS AT PROVIDING CUSTOMERS
  14:Src/stm32f10x_it.c ****   * WITH CODING INFORMATION REGARDING THEIR PRODUCTS IN ORDER FOR THEM TO SAVE
  15:Src/stm32f10x_it.c ****   * TIME. AS A RESULT, STMICROELECTRONICS SHALL NOT BE HELD LIABLE FOR ANY
  16:Src/stm32f10x_it.c ****   * DIRECT, INDIRECT OR CONSEQUENTIAL DAMAGES WITH RESPECT TO ANY CLAIMS ARISING
  17:Src/stm32f10x_it.c ****   * FROM THE CONTENT OF SUCH FIRMWARE AND/OR THE USE MADE BY CUSTOMERS OF THE
  18:Src/stm32f10x_it.c ****   * CODING INFORMATION CONTAINED HEREIN IN CONNECTION WITH THEIR PRODUCTS.
  19:Src/stm32f10x_it.c ****   *
  20:Src/stm32f10x_it.c ****   * <h2><center>&copy; COPYRIGHT 2011 STMicroelectronics</center></h2>
  21:Src/stm32f10x_it.c ****   ******************************************************************************
  22:Src/stm32f10x_it.c ****   */
  23:Src/stm32f10x_it.c **** 
  24:Src/stm32f10x_it.c **** /* Includes ------------------------------------------------------------------*/
  25:Src/stm32f10x_it.c **** #include "stm32f10x_it.h"
  26:Src/stm32f10x_it.c **** #include "main.h"
  27:Src/stm32f10x_it.c **** #include "stm32f10x_gpio.h"
  28:Src/stm32f10x_it.c **** 
  29:Src/stm32f10x_it.c **** /** @addtogroup STM32F10x_StdPeriph_Template
  30:Src/stm32f10x_it.c ****   * @{
  31:Src/stm32f10x_it.c ****   */
  32:Src/stm32f10x_it.c **** 
ARM GAS  C:\cygwin64\tmp\ccxI68r5.s 			page 2


  33:Src/stm32f10x_it.c **** /* Private typedef -----------------------------------------------------------*/
  34:Src/stm32f10x_it.c **** /* Private define ------------------------------------------------------------*/
  35:Src/stm32f10x_it.c **** /* Private macro -------------------------------------------------------------*/
  36:Src/stm32f10x_it.c **** /* Private variables ---------------------------------------------------------*/
  37:Src/stm32f10x_it.c **** /* Private function prototypes -----------------------------------------------*/
  38:Src/stm32f10x_it.c **** /* Private functions ---------------------------------------------------------*/
  39:Src/stm32f10x_it.c **** 
  40:Src/stm32f10x_it.c **** /******************************************************************************/
  41:Src/stm32f10x_it.c **** /*            Cortex-M3 Processor Exceptions Handlers                         */
  42:Src/stm32f10x_it.c **** /******************************************************************************/
  43:Src/stm32f10x_it.c **** 
  44:Src/stm32f10x_it.c **** /**
  45:Src/stm32f10x_it.c ****   * @brief  This function handles NMI exception.
  46:Src/stm32f10x_it.c ****   * @param  None
  47:Src/stm32f10x_it.c ****   * @retval None
  48:Src/stm32f10x_it.c ****   */
  49:Src/stm32f10x_it.c **** void NMI_Handler(void)
  50:Src/stm32f10x_it.c **** {
  27              		.loc 1 50 1 view -0
  28              		.cfi_startproc
  29              		@ args = 0, pretend = 0, frame = 0
  30              		@ frame_needed = 0, uses_anonymous_args = 0
  31              		@ link register save eliminated.
  51:Src/stm32f10x_it.c **** }
  32              		.loc 1 51 1 view .LVU1
  33 0000 7047     		bx	lr
  34              		.cfi_endproc
  35              	.LFE67:
  37              		.section	.text.HardFault_Handler,"ax",%progbits
  38              		.align	1
  39              		.global	HardFault_Handler
  40              		.syntax unified
  41              		.thumb
  42              		.thumb_func
  43              		.fpu softvfp
  45              	HardFault_Handler:
  46              	.LFB68:
  52:Src/stm32f10x_it.c **** 
  53:Src/stm32f10x_it.c **** /**
  54:Src/stm32f10x_it.c ****   * @brief  This function handles Hard Fault exception.
  55:Src/stm32f10x_it.c ****   * @param  None
  56:Src/stm32f10x_it.c ****   * @retval None
  57:Src/stm32f10x_it.c ****   */
  58:Src/stm32f10x_it.c **** void HardFault_Handler(void)
  59:Src/stm32f10x_it.c **** {
  47              		.loc 1 59 1 view -0
  48              		.cfi_startproc
  49              		@ Volatile: function does not return.
  50              		@ args = 0, pretend = 0, frame = 0
  51              		@ frame_needed = 0, uses_anonymous_args = 0
  52              		@ link register save eliminated.
  53              	.L3:
  60:Src/stm32f10x_it.c ****   /* Go to infinite loop when Hard Fault exception occurs */
  61:Src/stm32f10x_it.c ****   while (1)
  54              		.loc 1 61 3 discriminator 1 view .LVU3
  62:Src/stm32f10x_it.c ****   {
  63:Src/stm32f10x_it.c ****   }
ARM GAS  C:\cygwin64\tmp\ccxI68r5.s 			page 3


  55              		.loc 1 63 3 discriminator 1 view .LVU4
  61:Src/stm32f10x_it.c ****   {
  56              		.loc 1 61 9 discriminator 1 view .LVU5
  57 0000 FEE7     		b	.L3
  58              		.cfi_endproc
  59              	.LFE68:
  61              		.section	.text.MemManage_Handler,"ax",%progbits
  62              		.align	1
  63              		.global	MemManage_Handler
  64              		.syntax unified
  65              		.thumb
  66              		.thumb_func
  67              		.fpu softvfp
  69              	MemManage_Handler:
  70              	.LFB69:
  64:Src/stm32f10x_it.c **** }
  65:Src/stm32f10x_it.c **** 
  66:Src/stm32f10x_it.c **** /**
  67:Src/stm32f10x_it.c ****   * @brief  This function handles Memory Manage exception.
  68:Src/stm32f10x_it.c ****   * @param  None
  69:Src/stm32f10x_it.c ****   * @retval None
  70:Src/stm32f10x_it.c ****   */
  71:Src/stm32f10x_it.c **** void MemManage_Handler(void)
  72:Src/stm32f10x_it.c **** {
  71              		.loc 1 72 1 view -0
  72              		.cfi_startproc
  73              		@ Volatile: function does not return.
  74              		@ args = 0, pretend = 0, frame = 0
  75              		@ frame_needed = 0, uses_anonymous_args = 0
  76              		@ link register save eliminated.
  77              	.L5:
  73:Src/stm32f10x_it.c ****   /* Go to infinite loop when Memory Manage exception occurs */
  74:Src/stm32f10x_it.c ****   while (1)
  78              		.loc 1 74 3 discriminator 1 view .LVU7
  75:Src/stm32f10x_it.c ****   {
  76:Src/stm32f10x_it.c ****   }
  79              		.loc 1 76 3 discriminator 1 view .LVU8
  74:Src/stm32f10x_it.c ****   {
  80              		.loc 1 74 9 discriminator 1 view .LVU9
  81 0000 FEE7     		b	.L5
  82              		.cfi_endproc
  83              	.LFE69:
  85              		.section	.text.BusFault_Handler,"ax",%progbits
  86              		.align	1
  87              		.global	BusFault_Handler
  88              		.syntax unified
  89              		.thumb
  90              		.thumb_func
  91              		.fpu softvfp
  93              	BusFault_Handler:
  94              	.LFB70:
  77:Src/stm32f10x_it.c **** }
  78:Src/stm32f10x_it.c **** 
  79:Src/stm32f10x_it.c **** /**
  80:Src/stm32f10x_it.c ****   * @brief  This function handles Bus Fault exception.
  81:Src/stm32f10x_it.c ****   * @param  None
  82:Src/stm32f10x_it.c ****   * @retval None
ARM GAS  C:\cygwin64\tmp\ccxI68r5.s 			page 4


  83:Src/stm32f10x_it.c ****   */
  84:Src/stm32f10x_it.c **** void BusFault_Handler(void)
  85:Src/stm32f10x_it.c **** {
  95              		.loc 1 85 1 view -0
  96              		.cfi_startproc
  97              		@ Volatile: function does not return.
  98              		@ args = 0, pretend = 0, frame = 0
  99              		@ frame_needed = 0, uses_anonymous_args = 0
 100              		@ link register save eliminated.
 101              	.L7:
  86:Src/stm32f10x_it.c ****   /* Go to infinite loop when Bus Fault exception occurs */
  87:Src/stm32f10x_it.c ****   while (1)
 102              		.loc 1 87 3 discriminator 1 view .LVU11
  88:Src/stm32f10x_it.c ****   {
  89:Src/stm32f10x_it.c ****   }
 103              		.loc 1 89 3 discriminator 1 view .LVU12
  87:Src/stm32f10x_it.c ****   {
 104              		.loc 1 87 9 discriminator 1 view .LVU13
 105 0000 FEE7     		b	.L7
 106              		.cfi_endproc
 107              	.LFE70:
 109              		.section	.text.UsageFault_Handler,"ax",%progbits
 110              		.align	1
 111              		.global	UsageFault_Handler
 112              		.syntax unified
 113              		.thumb
 114              		.thumb_func
 115              		.fpu softvfp
 117              	UsageFault_Handler:
 118              	.LFB71:
  90:Src/stm32f10x_it.c **** }
  91:Src/stm32f10x_it.c **** 
  92:Src/stm32f10x_it.c **** /**
  93:Src/stm32f10x_it.c ****   * @brief  This function handles Usage Fault exception.
  94:Src/stm32f10x_it.c ****   * @param  None
  95:Src/stm32f10x_it.c ****   * @retval None
  96:Src/stm32f10x_it.c ****   */
  97:Src/stm32f10x_it.c **** void UsageFault_Handler(void)
  98:Src/stm32f10x_it.c **** {
 119              		.loc 1 98 1 view -0
 120              		.cfi_startproc
 121              		@ Volatile: function does not return.
 122              		@ args = 0, pretend = 0, frame = 0
 123              		@ frame_needed = 0, uses_anonymous_args = 0
 124              		@ link register save eliminated.
 125              	.L9:
  99:Src/stm32f10x_it.c ****   /* Go to infinite loop when Usage Fault exception occurs */
 100:Src/stm32f10x_it.c ****   while (1)
 126              		.loc 1 100 3 discriminator 1 view .LVU15
 101:Src/stm32f10x_it.c ****   {
 102:Src/stm32f10x_it.c ****   }
 127              		.loc 1 102 3 discriminator 1 view .LVU16
 100:Src/stm32f10x_it.c ****   {
 128              		.loc 1 100 9 discriminator 1 view .LVU17
 129 0000 FEE7     		b	.L9
 130              		.cfi_endproc
 131              	.LFE71:
ARM GAS  C:\cygwin64\tmp\ccxI68r5.s 			page 5


 133              		.section	.text.SVC_Handler,"ax",%progbits
 134              		.align	1
 135              		.global	SVC_Handler
 136              		.syntax unified
 137              		.thumb
 138              		.thumb_func
 139              		.fpu softvfp
 141              	SVC_Handler:
 142              	.LFB72:
 103:Src/stm32f10x_it.c **** }
 104:Src/stm32f10x_it.c **** 
 105:Src/stm32f10x_it.c **** /**
 106:Src/stm32f10x_it.c ****   * @brief  This function handles SVCall exception.
 107:Src/stm32f10x_it.c ****   * @param  None
 108:Src/stm32f10x_it.c ****   * @retval None
 109:Src/stm32f10x_it.c ****   */
 110:Src/stm32f10x_it.c **** void SVC_Handler(void)
 111:Src/stm32f10x_it.c **** {
 143              		.loc 1 111 1 view -0
 144              		.cfi_startproc
 145              		@ args = 0, pretend = 0, frame = 0
 146              		@ frame_needed = 0, uses_anonymous_args = 0
 147              		@ link register save eliminated.
 112:Src/stm32f10x_it.c **** }
 148              		.loc 1 112 1 view .LVU19
 149 0000 7047     		bx	lr
 150              		.cfi_endproc
 151              	.LFE72:
 153              		.section	.text.DebugMon_Handler,"ax",%progbits
 154              		.align	1
 155              		.global	DebugMon_Handler
 156              		.syntax unified
 157              		.thumb
 158              		.thumb_func
 159              		.fpu softvfp
 161              	DebugMon_Handler:
 162              	.LFB73:
 113:Src/stm32f10x_it.c **** 
 114:Src/stm32f10x_it.c **** /**
 115:Src/stm32f10x_it.c ****   * @brief  This function handles Debug Monitor exception.
 116:Src/stm32f10x_it.c ****   * @param  None
 117:Src/stm32f10x_it.c ****   * @retval None
 118:Src/stm32f10x_it.c ****   */
 119:Src/stm32f10x_it.c **** void DebugMon_Handler(void)
 120:Src/stm32f10x_it.c **** {
 163              		.loc 1 120 1 view -0
 164              		.cfi_startproc
 165              		@ args = 0, pretend = 0, frame = 0
 166              		@ frame_needed = 0, uses_anonymous_args = 0
 167              		@ link register save eliminated.
 121:Src/stm32f10x_it.c **** }
 168              		.loc 1 121 1 view .LVU21
 169 0000 7047     		bx	lr
 170              		.cfi_endproc
 171              	.LFE73:
 173              		.section	.text.PendSV_Handler,"ax",%progbits
 174              		.align	1
ARM GAS  C:\cygwin64\tmp\ccxI68r5.s 			page 6


 175              		.global	PendSV_Handler
 176              		.syntax unified
 177              		.thumb
 178              		.thumb_func
 179              		.fpu softvfp
 181              	PendSV_Handler:
 182              	.LFB74:
 122:Src/stm32f10x_it.c **** 
 123:Src/stm32f10x_it.c **** /**
 124:Src/stm32f10x_it.c ****   * @brief  This function handles PendSVC exception.
 125:Src/stm32f10x_it.c ****   * @param  None
 126:Src/stm32f10x_it.c ****   * @retval None
 127:Src/stm32f10x_it.c ****   */
 128:Src/stm32f10x_it.c **** void PendSV_Handler(void)
 129:Src/stm32f10x_it.c **** {
 183              		.loc 1 129 1 view -0
 184              		.cfi_startproc
 185              		@ args = 0, pretend = 0, frame = 0
 186              		@ frame_needed = 0, uses_anonymous_args = 0
 187              		@ link register save eliminated.
 130:Src/stm32f10x_it.c **** }
 188              		.loc 1 130 1 view .LVU23
 189 0000 7047     		bx	lr
 190              		.cfi_endproc
 191              	.LFE74:
 193              		.section	.text.SysTick_Handler,"ax",%progbits
 194              		.align	1
 195              		.global	SysTick_Handler
 196              		.syntax unified
 197              		.thumb
 198              		.thumb_func
 199              		.fpu softvfp
 201              	SysTick_Handler:
 202              	.LFB75:
 131:Src/stm32f10x_it.c **** 
 132:Src/stm32f10x_it.c **** /**
 133:Src/stm32f10x_it.c ****   * @brief  This function handles SysTick Handler.
 134:Src/stm32f10x_it.c ****   * @param  None
 135:Src/stm32f10x_it.c ****   * @retval None
 136:Src/stm32f10x_it.c ****   */
 137:Src/stm32f10x_it.c **** void SysTick_Handler(void)
 138:Src/stm32f10x_it.c **** {
 203              		.loc 1 138 1 view -0
 204              		.cfi_startproc
 205              		@ args = 0, pretend = 0, frame = 0
 206              		@ frame_needed = 0, uses_anonymous_args = 0
 139:Src/stm32f10x_it.c ****   static uint16_t cnt = 0;
 207              		.loc 1 139 3 view .LVU25
 140:Src/stm32f10x_it.c ****   cnt++;
 208              		.loc 1 140 3 view .LVU26
 209              		.loc 1 140 6 is_stmt 0 view .LVU27
 210 0000 0D4A     		ldr	r2, .L20
 211 0002 1388     		ldrh	r3, [r2]
 212 0004 0133     		adds	r3, r3, #1
 213 0006 9BB2     		uxth	r3, r3
 214 0008 1380     		strh	r3, [r2]	@ movhi
 141:Src/stm32f10x_it.c ****   if (cnt == 1000)
ARM GAS  C:\cygwin64\tmp\ccxI68r5.s 			page 7


 215              		.loc 1 141 3 is_stmt 1 view .LVU28
 216              		.loc 1 141 6 is_stmt 0 view .LVU29
 217 000a B3F57A7F 		cmp	r3, #1000
 218 000e 00D0     		beq	.L19
 219 0010 7047     		bx	lr
 220              	.L19:
 138:Src/stm32f10x_it.c ****   static uint16_t cnt = 0;
 221              		.loc 1 138 1 view .LVU30
 222 0012 10B5     		push	{r4, lr}
 223              	.LCFI0:
 224              		.cfi_def_cfa_offset 8
 225              		.cfi_offset 4, -8
 226              		.cfi_offset 14, -4
 142:Src/stm32f10x_it.c ****   {
 143:Src/stm32f10x_it.c ****     cnt = 0;
 227              		.loc 1 143 5 is_stmt 1 view .LVU31
 228              		.loc 1 143 9 is_stmt 0 view .LVU32
 229 0014 1346     		mov	r3, r2
 230 0016 0022     		movs	r2, #0
 231 0018 1A80     		strh	r2, [r3]	@ movhi
 144:Src/stm32f10x_it.c ****     GPIO_WriteBit(
 232              		.loc 1 144 5 is_stmt 1 view .LVU33
 145:Src/stm32f10x_it.c ****       LED_PORT, LED_PIN, !GPIO_ReadOutputDataBit(LED_PORT, LED_PIN));
 233              		.loc 1 145 27 is_stmt 0 view .LVU34
 234 001a 084C     		ldr	r4, .L20+4
 235 001c 4FF40051 		mov	r1, #8192
 236 0020 2046     		mov	r0, r4
 237 0022 FFF7FEFF 		bl	GPIO_ReadOutputDataBit
 238              	.LVL0:
 144:Src/stm32f10x_it.c ****     GPIO_WriteBit(
 239              		.loc 1 144 5 view .LVU35
 240 0026 B0FA80F2 		clz	r2, r0
 241 002a 5209     		lsrs	r2, r2, #5
 242 002c 4FF40051 		mov	r1, #8192
 243 0030 2046     		mov	r0, r4
 244 0032 FFF7FEFF 		bl	GPIO_WriteBit
 245              	.LVL1:
 146:Src/stm32f10x_it.c ****   }
 147:Src/stm32f10x_it.c **** }
 246              		.loc 1 147 1 view .LVU36
 247 0036 10BD     		pop	{r4, pc}
 248              	.L21:
 249              		.align	2
 250              	.L20:
 251 0038 00000000 		.word	.LANCHOR0
 252 003c 00100140 		.word	1073811456
 253              		.cfi_endproc
 254              	.LFE75:
 256              		.section	.bss.cnt.6808,"aw",%nobits
 257              		.align	1
 258              		.set	.LANCHOR0,. + 0
 261              	cnt.6808:
 262 0000 0000     		.space	2
 263              		.text
 264              	.Letext0:
 265              		.file 2 "c:\\program files (x86)\\gnu arm embedded toolchain\\9 2020-q2-update\\arm-none-eabi\\inc
 266              		.file 3 "c:\\program files (x86)\\gnu arm embedded toolchain\\9 2020-q2-update\\arm-none-eabi\\inc
ARM GAS  C:\cygwin64\tmp\ccxI68r5.s 			page 8


 267              		.file 4 "Drivers/CMSIS/CM3/CoreSupport/core_cm3.h"
 268              		.file 5 "Drivers/CMSIS/CM3/DeviceSupport/ST/STM32F10x/system_stm32f10x.h"
 269              		.file 6 "Drivers/CMSIS/CM3/DeviceSupport/ST/STM32F10x/stm32f10x.h"
 270              		.file 7 "Inc/main.h"
 271              		.file 8 "Drivers/STM32F10x_StdPeriph_Driver/inc/stm32f10x_gpio.h"
ARM GAS  C:\cygwin64\tmp\ccxI68r5.s 			page 9


DEFINED SYMBOLS
                            *ABS*:00000000 stm32f10x_it.c
C:\cygwin64\tmp\ccxI68r5.s:16     .text.NMI_Handler:00000000 $t
C:\cygwin64\tmp\ccxI68r5.s:24     .text.NMI_Handler:00000000 NMI_Handler
C:\cygwin64\tmp\ccxI68r5.s:38     .text.HardFault_Handler:00000000 $t
C:\cygwin64\tmp\ccxI68r5.s:45     .text.HardFault_Handler:00000000 HardFault_Handler
C:\cygwin64\tmp\ccxI68r5.s:62     .text.MemManage_Handler:00000000 $t
C:\cygwin64\tmp\ccxI68r5.s:69     .text.MemManage_Handler:00000000 MemManage_Handler
C:\cygwin64\tmp\ccxI68r5.s:86     .text.BusFault_Handler:00000000 $t
C:\cygwin64\tmp\ccxI68r5.s:93     .text.BusFault_Handler:00000000 BusFault_Handler
C:\cygwin64\tmp\ccxI68r5.s:110    .text.UsageFault_Handler:00000000 $t
C:\cygwin64\tmp\ccxI68r5.s:117    .text.UsageFault_Handler:00000000 UsageFault_Handler
C:\cygwin64\tmp\ccxI68r5.s:134    .text.SVC_Handler:00000000 $t
C:\cygwin64\tmp\ccxI68r5.s:141    .text.SVC_Handler:00000000 SVC_Handler
C:\cygwin64\tmp\ccxI68r5.s:154    .text.DebugMon_Handler:00000000 $t
C:\cygwin64\tmp\ccxI68r5.s:161    .text.DebugMon_Handler:00000000 DebugMon_Handler
C:\cygwin64\tmp\ccxI68r5.s:174    .text.PendSV_Handler:00000000 $t
C:\cygwin64\tmp\ccxI68r5.s:181    .text.PendSV_Handler:00000000 PendSV_Handler
C:\cygwin64\tmp\ccxI68r5.s:194    .text.SysTick_Handler:00000000 $t
C:\cygwin64\tmp\ccxI68r5.s:201    .text.SysTick_Handler:00000000 SysTick_Handler
C:\cygwin64\tmp\ccxI68r5.s:251    .text.SysTick_Handler:00000038 $d
C:\cygwin64\tmp\ccxI68r5.s:257    .bss.cnt.6808:00000000 $d
C:\cygwin64\tmp\ccxI68r5.s:261    .bss.cnt.6808:00000000 cnt.6808

UNDEFINED SYMBOLS
GPIO_ReadOutputDataBit
GPIO_WriteBit
